<?xml version="1.0" encoding="UTF-8"?>
<testsuite xmlns:xsi="http://www.w3.org/2001/XMLSchema-instance" xsi:noNamespaceSchemaLocation="https://maven.apache.org/surefire/maven-surefire-plugin/xsd/surefire-test-report-3.0.xsd" version="3.0" name="com.allinoneshop.repository.InMemorySearchHistoryRepositoryTest" time="0.047" tests="9" errors="0" skipped="0" failures="0">
  <properties>
[...]
</properties>
  <testcase name="deleteByUserId_removesOnlyUserHistory" classname="com.allinoneshop.repository.InMemorySearchHistoryRepositoryTest" time="0.003"/>
  <testcase name="save_generatesId" classname="com.allinoneshop.repository.InMemorySearchHistoryRepositoryTest" time="0.0"/>
  <testcase name="findTrendingSearches_sortsByFrequency" classname="com.allinoneshop.repository.InMemorySearchHistoryRepositoryTest" time="0.002"/>
  <testcase name="findRecentSearchesByUserId_returnsDistinctSortedByRecent" classname="com.allinoneshop.repository.InMemorySearchHistoryRepositoryTest" time="0.034"/>
  <testcase name="save_setsCreatedAt" classname="com.allinoneshop.repository.InMemorySearchHistoryRepositoryTest" time="0.001"/>
  <testcase name="count_reflectsStoredHistory" classname="com.allinoneshop.repository.InMemorySearchHistoryRepositoryTest" time="0.001"/>
  <testcase name="findRecentSearchesByUserId_onlyReturnsOwnHistory" classname="com.allinoneshop.repository.InMemorySearchHistoryRepositoryTest" time="0.001"/>
  <testcase name="findRecentSearchesByUserId_respectsLimit" classname="com.allinoneshop.repository.InMemorySearchHistoryRepositoryTest" time="0.001"/>
  <testcase name="findTrendingSearches_respectsLimit" classname="com.allinoneshop.repository.InMemorySearchHistoryRepositoryTest" time="0.001"/>
</testsuite>